2019-12-05 14:10:37,620 INFO o.a.j.u.JMeterUtils: Setting Locale to en_EN
2019-12-05 14:10:37,636 INFO o.a.j.JMeter: Loading user properties from: C:\Users\nicks\OneDrive\Desktop\apache-jmeter-5.2\bin\user.properties
2019-12-05 14:10:37,636 INFO o.a.j.JMeter: Loading system properties from: C:\Users\nicks\OneDrive\Desktop\apache-jmeter-5.2\bin\system.properties
2019-12-05 14:10:37,636 INFO o.a.j.JMeter: Copyright (c) 1998-2019 The Apache Software Foundation
2019-12-05 14:10:37,636 INFO o.a.j.JMeter: Version 5.2
2019-12-05 14:10:37,636 INFO o.a.j.JMeter: java.version=1.8.0_231
2019-12-05 14:10:37,636 INFO o.a.j.JMeter: java.vm.name=Java HotSpot(TM) 64-Bit Server VM
2019-12-05 14:10:37,636 INFO o.a.j.JMeter: os.name=Windows 10
2019-12-05 14:10:37,636 INFO o.a.j.JMeter: os.arch=amd64
2019-12-05 14:10:37,636 INFO o.a.j.JMeter: os.version=10.0
2019-12-05 14:10:37,636 INFO o.a.j.JMeter: file.encoding=Cp1252
2019-12-05 14:10:37,636 INFO o.a.j.JMeter: java.awt.headless=true
2019-12-05 14:10:37,636 INFO o.a.j.JMeter: Max memory     =1073741824
2019-12-05 14:10:37,636 INFO o.a.j.JMeter: Available Processors =12
2019-12-05 14:10:37,636 INFO o.a.j.JMeter: Default Locale=English (EN)
2019-12-05 14:10:37,636 INFO o.a.j.JMeter: JMeter  Locale=English (EN)
2019-12-05 14:10:37,636 INFO o.a.j.JMeter: JMeterHome=C:\Users\nicks\OneDrive\Desktop\apache-jmeter-5.2
2019-12-05 14:10:37,636 INFO o.a.j.JMeter: user.dir  =C:\Users\nicks\OneDrive\Desktop\Performance Test Assignment\DemoSpringWebApplication
2019-12-05 14:10:37,636 INFO o.a.j.JMeter: PWD       =C:\Users\nicks\OneDrive\Desktop\Performance Test Assignment\DemoSpringWebApplication
2019-12-05 14:10:37,636 INFO o.a.j.JMeter: IP: 192.168.99.1 Name: MSI FullName: MSI
2019-12-05 14:10:37,636 INFO o.a.j.JMeter: Setting property 'jmeter.reportgenerator.outputdir' to:'C:\Users\nicks\OneDrive\Desktop\apache-jmeter-5.2\Results_2'
2019-12-05 14:10:37,651 INFO o.a.j.s.FileServer: Default base='C:\Users\nicks\OneDrive\Desktop\Performance Test Assignment\DemoSpringWebApplication'
2019-12-05 14:10:37,651 INFO o.a.j.s.FileServer: Set new base='C:\Users\nicks\OneDrive\Desktop\apache-jmeter-5.2'
2019-12-05 14:10:37,729 INFO o.a.j.s.SaveService: Testplan (JMX) version: 2.2. Testlog (JTL) version: 2.2
2019-12-05 14:10:37,729 INFO o.a.j.s.SaveService: Using SaveService properties file encoding UTF-8
2019-12-05 14:10:37,729 INFO o.a.j.s.SaveService: Using SaveService properties version 5.0
2019-12-05 14:10:37,745 INFO o.a.j.s.SaveService: Loading file: C:\Users\nicks\OneDrive\Desktop\apache-jmeter-5.2\JmeterTest.jmx
2019-12-05 14:10:37,760 INFO o.a.j.p.h.c.CookieManager: Settings: Delete null: true Check: true Allow variable: true Save: false Prefix: COOKIE_
2019-12-05 14:10:37,792 INFO o.a.j.p.h.s.HTTPSamplerBase: Parser for text/html is org.apache.jmeter.protocol.http.parser.LagartoBasedHtmlParser
2019-12-05 14:10:37,792 INFO o.a.j.p.h.s.HTTPSamplerBase: Parser for application/xhtml+xml is org.apache.jmeter.protocol.http.parser.LagartoBasedHtmlParser
2019-12-05 14:10:37,792 INFO o.a.j.p.h.s.HTTPSamplerBase: Parser for application/xml is org.apache.jmeter.protocol.http.parser.LagartoBasedHtmlParser
2019-12-05 14:10:37,792 INFO o.a.j.p.h.s.HTTPSamplerBase: Parser for text/xml is org.apache.jmeter.protocol.http.parser.LagartoBasedHtmlParser
2019-12-05 14:10:37,792 INFO o.a.j.p.h.s.HTTPSamplerBase: Parser for text/vnd.wap.wml is org.apache.jmeter.protocol.http.parser.RegexpHTMLParser
2019-12-05 14:10:37,792 INFO o.a.j.p.h.s.HTTPSamplerBase: Parser for text/css is org.apache.jmeter.protocol.http.parser.CssParser
2019-12-05 14:10:37,967 INFO o.a.j.e.KeyToolUtils: keytool found at 'keytool'
2019-12-05 14:10:37,967 INFO o.a.j.p.h.p.ProxyControl: HTTP(S) Test Script Recorder SSL Proxy will use keys that support embedded 3rd party resources in file C:\Users\nicks\OneDrive\Desktop\apache-jmeter-5.2\bin\proxyserver.jks
2019-12-05 14:10:37,982 INFO o.a.j.JMeter: Creating summariser <summary>
2019-12-05 14:10:37,982 INFO o.a.j.r.d.ReportGenerator: ReportGenerator will use for Parsing the separator: ','
2019-12-05 14:10:37,982 INFO o.a.j.r.d.ReportGenerator: Will generate report at end of test from  results file: testResults_3.csv
2019-12-05 14:10:37,982 INFO o.a.j.r.d.ReportGenerator: Reading report generator properties from: C:\Users\nicks\OneDrive\Desktop\apache-jmeter-5.2\bin\reportgenerator.properties
2019-12-05 14:10:37,982 INFO o.a.j.r.d.ReportGenerator: Merging with JMeter properties
2019-12-05 14:10:37,998 INFO o.a.j.r.c.ReportGeneratorConfiguration: Property 'jmeter.reportgenerator.temp_dir' not found, using default value 'temp' instead.
2019-12-05 14:10:37,998 INFO o.a.j.r.c.ReportGeneratorConfiguration: Property 'jmeter.reportgenerator.apdex_per_transaction' not found, using default value 'null' instead.
2019-12-05 14:10:37,998 INFO o.a.j.r.c.ReportGeneratorConfiguration: apdex_per_transaction is empty, not APDEX per transaction customization
2019-12-05 14:10:37,998 INFO o.a.j.r.c.ReportGeneratorConfiguration: Property 'jmeter.reportgenerator.sample_filter' not found, using default value 'null' instead.
2019-12-05 14:10:37,998 INFO o.a.j.r.c.ReportGeneratorConfiguration: Property 'jmeter.reportgenerator.report_title' not found, using default value 'null' instead.
2019-12-05 14:10:37,998 INFO o.a.j.r.c.ReportGeneratorConfiguration: Property 'jmeter.reportgenerator.start_date' not found, using default value 'null' instead.
2019-12-05 14:10:37,998 INFO o.a.j.r.c.ReportGeneratorConfiguration: Property 'jmeter.reportgenerator.end_date' not found, using default value 'null' instead.
2019-12-05 14:10:37,998 INFO o.a.j.r.c.ReportGeneratorConfiguration: Property 'jmeter.reportgenerator.date_format' not found, using default value 'null' instead.
2019-12-05 14:10:37,998 INFO o.a.j.r.c.ReportGeneratorConfiguration: Will use date range start date: null, end date: null
2019-12-05 14:10:37,998 INFO o.a.j.r.c.ReportGeneratorConfiguration: Property 'jmeter.reportgenerator.graph.totalTPS.exclude_controllers' not found, using default value 'false' instead.
2019-12-05 14:10:37,998 INFO o.a.j.r.c.ReportGeneratorConfiguration: Property 'jmeter.reportgenerator.graph.activeThreadsOverTime.exclude_controllers' not found, using default value 'false' instead.
2019-12-05 14:10:37,998 INFO o.a.j.r.c.ReportGeneratorConfiguration: Property 'jmeter.reportgenerator.graph.timeVsThreads.exclude_controllers' not found, using default value 'false' instead.
2019-12-05 14:10:37,998 INFO o.a.j.r.c.ReportGeneratorConfiguration: Property 'jmeter.reportgenerator.graph.responseTimeDistribution.exclude_controllers' not found, using default value 'false' instead.
2019-12-05 14:10:37,998 INFO o.a.j.r.c.ReportGeneratorConfiguration: Property 'jmeter.reportgenerator.graph.transactionsPerSecond.exclude_controllers' not found, using default value 'false' instead.
2019-12-05 14:10:37,998 INFO o.a.j.r.c.ReportGeneratorConfiguration: Property 'jmeter.reportgenerator.graph.responseTimePercentiles.exclude_controllers' not found, using default value 'false' instead.
2019-12-05 14:10:37,998 INFO o.a.j.r.c.ReportGeneratorConfiguration: Property 'jmeter.reportgenerator.graph.responseTimePercentilesOverTime.exclude_controllers' not found, using default value 'false' instead.
2019-12-05 14:10:37,998 INFO o.a.j.r.c.ReportGeneratorConfiguration: Property 'jmeter.reportgenerator.graph.responseTimesOverTime.exclude_controllers' not found, using default value 'false' instead.
2019-12-05 14:10:37,998 INFO o.a.j.r.c.ReportGeneratorConfiguration: Property 'jmeter.reportgenerator.graph.connectTimeOverTime.exclude_controllers' not found, using default value 'false' instead.
2019-12-05 14:10:37,998 INFO o.a.j.r.c.ReportGeneratorConfiguration: Property 'jmeter.reportgenerator.graph.latenciesOverTime.exclude_controllers' not found, using default value 'false' instead.
2019-12-05 14:10:37,998 INFO o.a.j.r.c.ReportGeneratorConfiguration: Property 'jmeter.reportgenerator.exporter.json.filters_only_sample_series' not found, using default value 'true' instead.
2019-12-05 14:10:37,998 INFO o.a.j.r.c.ReportGeneratorConfiguration: Property 'jmeter.reportgenerator.exporter.json.series_filter' not found, using default value '' instead.
2019-12-05 14:10:37,998 INFO o.a.j.r.c.ReportGeneratorConfiguration: Property 'jmeter.reportgenerator.exporter.json.show_controllers_only' not found, using default value 'false' instead.
2019-12-05 14:10:37,998 INFO o.a.j.r.c.ReportGeneratorConfiguration: Property 'jmeter.reportgenerator.exporter.html.filters_only_sample_series' not found, using default value 'true' instead.
2019-12-05 14:10:37,998 INFO o.a.j.r.c.ReportGeneratorConfiguration: Property 'jmeter.reportgenerator.exporter.html.series_filter' not found, using default value '' instead.
2019-12-05 14:10:37,998 INFO o.a.j.r.c.ReportGeneratorConfiguration: Property 'jmeter.reportgenerator.exporter.html.show_controllers_only' not found, using default value 'false' instead.
2019-12-05 14:10:37,998 INFO o.a.j.e.StandardJMeterEngine: Running the test!
2019-12-05 14:10:37,998 INFO o.a.j.s.SampleEvent: List of sample_variables: []
2019-12-05 14:10:37,998 INFO o.a.j.s.SampleEvent: List of sample_variables: []
2019-12-05 14:10:38,014 INFO o.a.j.e.u.CompoundVariable: Note: Function class names must contain the string: '.functions.'
2019-12-05 14:10:38,014 INFO o.a.j.e.u.CompoundVariable: Note: Function class names must not contain the string: '.gui.'
2019-12-05 14:10:38,357 INFO o.a.j.JMeter: Running test (1575573038357)
2019-12-05 14:10:38,404 INFO o.a.j.e.StandardJMeterEngine: Starting ThreadGroup: 1 : (100 users / 5 minutes) * 1
2019-12-05 14:10:38,404 INFO o.a.j.e.StandardJMeterEngine: Starting 100 threads for group (100 users / 5 minutes) * 1.
2019-12-05 14:10:38,404 INFO o.a.j.e.StandardJMeterEngine: Thread will continue on error
2019-12-05 14:10:38,404 INFO k.a.j.t.AbstractSimpleThreadGroup: Starting thread group number 1 threads 100
2019-12-05 14:10:38,404 INFO o.a.j.s.SampleResult: Note: Sample TimeStamps are START times
2019-12-05 14:10:38,404 INFO o.a.j.s.SampleResult: sampleresult.default.encoding is set to ISO-8859-1
2019-12-05 14:10:38,404 INFO o.a.j.s.SampleResult: sampleresult.useNanoTime=true
2019-12-05 14:10:38,404 INFO o.a.j.s.SampleResult: sampleresult.nanoThreadSleep=5000
2019-12-05 14:10:38,482 INFO k.a.j.t.AbstractSimpleThreadGroup: Started thread group number 1
2019-12-05 14:10:38,482 INFO o.a.j.e.StandardJMeterEngine: All thread groups have been started
2019-12-05 14:10:39,015 INFO o.a.j.t.JMeterThread: Thread started: (100 users / 5 minutes) * 1 1-100
2019-12-05 14:10:39,371 INFO o.a.j.p.h.s.HTTPHCAbstractImpl: Local host = MSI
2019-12-05 14:10:39,371 INFO o.a.j.p.h.s.HTTPHC4Impl: HTTP request retry count = 0
2019-12-05 14:10:39,604 INFO o.a.j.t.JMeterThread: Thread started: (100 users / 5 minutes) * 1 1-99
2019-12-05 14:10:39,845 INFO o.a.j.p.h.p.BaseParser: Created org.apache.jmeter.protocol.http.parser.LagartoBasedHtmlParser
2019-12-05 14:10:39,845 INFO o.a.j.p.h.p.BaseParser: Created org.apache.jmeter.protocol.http.parser.LagartoBasedHtmlParser
2019-12-05 14:10:39,883 INFO o.a.j.p.h.s.h.LazyLayeredConnectionSocketFactory: Setting up HTTPS TrustAll Socket Factory
2019-12-05 14:10:39,887 INFO o.a.j.u.JsseSSLManager: Using default SSL protocol: TLS
2019-12-05 14:10:39,887 INFO o.a.j.u.JsseSSLManager: SSL session context: per-thread
2019-12-05 14:10:40,204 INFO o.a.j.t.JMeterThread: Thread started: (100 users / 5 minutes) * 1 1-98
2019-12-05 14:10:40,204 INFO o.a.j.u.SSLManager: JmeterKeyStore Location:  type JKS
2019-12-05 14:10:40,204 INFO o.a.j.u.SSLManager: KeyStore created OK
2019-12-05 14:10:40,204 WARN o.a.j.u.SSLManager: Keystore file not found, loading empty keystore
2019-12-05 14:10:40,701 INFO o.a.j.p.h.p.BaseParser: Created org.apache.jmeter.protocol.http.parser.CssParser
2019-12-05 14:10:40,701 INFO o.a.j.p.h.p.BaseParser: Created org.apache.jmeter.protocol.http.parser.CssParser
2019-12-05 14:10:40,701 INFO o.a.j.p.h.p.BaseParser: Created org.apache.jmeter.protocol.http.parser.CssParser
2019-12-05 14:10:40,804 INFO o.a.j.t.JMeterThread: Thread started: (100 users / 5 minutes) * 1 1-97
2019-12-05 14:10:41,404 INFO o.a.j.t.JMeterThread: Thread started: (100 users / 5 minutes) * 1 1-96
2019-12-05 14:10:42,005 INFO o.a.j.t.JMeterThread: Thread started: (100 users / 5 minutes) * 1 1-95
2019-12-05 14:10:42,605 INFO o.a.j.t.JMeterThread: Thread started: (100 users / 5 minutes) * 1 1-94
2019-12-05 14:10:43,205 INFO o.a.j.t.JMeterThread: Thread started: (100 users / 5 minutes) * 1 1-93
2019-12-05 14:10:43,804 INFO o.a.j.t.JMeterThread: Thread started: (100 users / 5 minutes) * 1 1-92
2019-12-05 14:10:44,405 INFO o.a.j.t.JMeterThread: Thread started: (100 users / 5 minutes) * 1 1-91
2019-12-05 14:10:45,005 INFO o.a.j.t.JMeterThread: Thread started: (100 users / 5 minutes) * 1 1-90
2019-12-05 14:10:45,605 INFO o.a.j.t.JMeterThread: Thread started: (100 users / 5 minutes) * 1 1-89
2019-12-05 14:10:46,204 INFO o.a.j.t.JMeterThread: Thread started: (100 users / 5 minutes) * 1 1-88
2019-12-05 14:10:46,805 INFO o.a.j.t.JMeterThread: Thread started: (100 users / 5 minutes) * 1 1-87
2019-12-05 14:10:47,405 INFO o.a.j.t.JMeterThread: Thread started: (100 users / 5 minutes) * 1 1-86
2019-12-05 14:10:48,005 INFO o.a.j.t.JMeterThread: Thread started: (100 users / 5 minutes) * 1 1-85
2019-12-05 14:10:48,604 INFO o.a.j.t.JMeterThread: Thread started: (100 users / 5 minutes) * 1 1-84
2019-12-05 14:10:49,204 INFO o.a.j.t.JMeterThread: Thread started: (100 users / 5 minutes) * 1 1-83
2019-12-05 14:10:49,804 INFO o.a.j.t.JMeterThread: Thread started: (100 users / 5 minutes) * 1 1-82
2019-12-05 14:10:50,405 INFO o.a.j.t.JMeterThread: Thread started: (100 users / 5 minutes) * 1 1-81
2019-12-05 14:10:51,005 INFO o.a.j.t.JMeterThread: Thread started: (100 users / 5 minutes) * 1 1-80
2019-12-05 14:10:51,605 INFO o.a.j.t.JMeterThread: Thread started: (100 users / 5 minutes) * 1 1-79
2019-12-05 14:10:52,204 INFO o.a.j.t.JMeterThread: Thread started: (100 users / 5 minutes) * 1 1-78
2019-12-05 14:10:52,805 INFO o.a.j.t.JMeterThread: Thread started: (100 users / 5 minutes) * 1 1-77
2019-12-05 14:10:53,405 INFO o.a.j.t.JMeterThread: Thread started: (100 users / 5 minutes) * 1 1-76
2019-12-05 14:10:54,004 INFO o.a.j.t.JMeterThread: Thread started: (100 users / 5 minutes) * 1 1-75
2019-12-05 14:10:54,605 INFO o.a.j.t.JMeterThread: Thread started: (100 users / 5 minutes) * 1 1-74
2019-12-05 14:10:55,204 INFO o.a.j.t.JMeterThread: Thread started: (100 users / 5 minutes) * 1 1-73
2019-12-05 14:10:55,804 INFO o.a.j.t.JMeterThread: Thread started: (100 users / 5 minutes) * 1 1-72
2019-12-05 14:10:56,404 INFO o.a.j.t.JMeterThread: Thread started: (100 users / 5 minutes) * 1 1-71
2019-12-05 14:10:57,004 INFO o.a.j.t.JMeterThread: Thread started: (100 users / 5 minutes) * 1 1-70
2019-12-05 14:10:57,605 INFO o.a.j.t.JMeterThread: Thread started: (100 users / 5 minutes) * 1 1-69
2019-12-05 14:10:58,204 INFO o.a.j.t.JMeterThread: Thread started: (100 users / 5 minutes) * 1 1-68
2019-12-05 14:10:58,805 INFO o.a.j.t.JMeterThread: Thread started: (100 users / 5 minutes) * 1 1-67
2019-12-05 14:10:59,405 INFO o.a.j.t.JMeterThread: Thread started: (100 users / 5 minutes) * 1 1-66
2019-12-05 14:11:00,004 INFO o.a.j.t.JMeterThread: Thread started: (100 users / 5 minutes) * 1 1-65
2019-12-05 14:11:00,015 INFO o.a.j.r.Summariser: summary +    592 in 00:00:22 =   27.3/s Avg:   518 Min:    88 Max:  2490 Err:     2 (0.34%) Active: 36 Started: 36 Finished: 0
2019-12-05 14:11:00,605 INFO o.a.j.t.JMeterThread: Thread started: (100 users / 5 minutes) * 1 1-64
2019-12-05 14:11:01,204 INFO o.a.j.t.JMeterThread: Thread started: (100 users / 5 minutes) * 1 1-63
2019-12-05 14:11:01,805 INFO o.a.j.t.JMeterThread: Thread started: (100 users / 5 minutes) * 1 1-62
2019-12-05 14:11:02,405 INFO o.a.j.t.JMeterThread: Thread started: (100 users / 5 minutes) * 1 1-61
2019-12-05 14:11:03,004 INFO o.a.j.t.JMeterThread: Thread started: (100 users / 5 minutes) * 1 1-60
2019-12-05 14:11:03,605 INFO o.a.j.t.JMeterThread: Thread started: (100 users / 5 minutes) * 1 1-59
2019-12-05 14:11:04,205 INFO o.a.j.t.JMeterThread: Thread started: (100 users / 5 minutes) * 1 1-58
2019-12-05 14:11:04,804 INFO o.a.j.t.JMeterThread: Thread started: (100 users / 5 minutes) * 1 1-57
2019-12-05 14:11:05,404 INFO o.a.j.t.JMeterThread: Thread started: (100 users / 5 minutes) * 1 1-56
2019-12-05 14:11:06,005 INFO o.a.j.t.JMeterThread: Thread started: (100 users / 5 minutes) * 1 1-55
2019-12-05 14:11:06,604 INFO o.a.j.t.JMeterThread: Thread started: (100 users / 5 minutes) * 1 1-54
2019-12-05 14:11:07,204 INFO o.a.j.t.JMeterThread: Thread started: (100 users / 5 minutes) * 1 1-53
2019-12-05 14:11:07,804 INFO o.a.j.t.JMeterThread: Thread started: (100 users / 5 minutes) * 1 1-52
2019-12-05 14:11:08,408 INFO o.a.j.t.JMeterThread: Thread started: (100 users / 5 minutes) * 1 1-51
2019-12-05 14:11:09,006 INFO o.a.j.t.JMeterThread: Thread started: (100 users / 5 minutes) * 1 1-50
2019-12-05 14:11:09,605 INFO o.a.j.t.JMeterThread: Thread started: (100 users / 5 minutes) * 1 1-49
2019-12-05 14:11:10,205 INFO o.a.j.t.JMeterThread: Thread started: (100 users / 5 minutes) * 1 1-48
2019-12-05 14:11:10,804 INFO o.a.j.t.JMeterThread: Thread started: (100 users / 5 minutes) * 1 1-47
2019-12-05 14:11:11,404 INFO o.a.j.t.JMeterThread: Thread started: (100 users / 5 minutes) * 1 1-46
2019-12-05 14:11:12,004 INFO o.a.j.t.JMeterThread: Thread started: (100 users / 5 minutes) * 1 1-45
2019-12-05 14:11:12,605 INFO o.a.j.t.JMeterThread: Thread started: (100 users / 5 minutes) * 1 1-44
2019-12-05 14:11:13,204 INFO o.a.j.t.JMeterThread: Thread started: (100 users / 5 minutes) * 1 1-43
2019-12-05 14:11:13,804 INFO o.a.j.t.JMeterThread: Thread started: (100 users / 5 minutes) * 1 1-42
2019-12-05 14:11:14,404 INFO o.a.j.t.JMeterThread: Thread started: (100 users / 5 minutes) * 1 1-41
2019-12-05 14:11:15,005 INFO o.a.j.t.JMeterThread: Thread started: (100 users / 5 minutes) * 1 1-40
2019-12-05 14:11:15,605 INFO o.a.j.t.JMeterThread: Thread started: (100 users / 5 minutes) * 1 1-39
2019-12-05 14:11:16,205 INFO o.a.j.t.JMeterThread: Thread started: (100 users / 5 minutes) * 1 1-38
2019-12-05 14:11:16,804 INFO o.a.j.t.JMeterThread: Thread started: (100 users / 5 minutes) * 1 1-37
2019-12-05 14:11:17,404 INFO o.a.j.t.JMeterThread: Thread started: (100 users / 5 minutes) * 1 1-36
2019-12-05 14:11:18,005 INFO o.a.j.t.JMeterThread: Thread started: (100 users / 5 minutes) * 1 1-35
2019-12-05 14:11:18,605 INFO o.a.j.t.JMeterThread: Thread started: (100 users / 5 minutes) * 1 1-34
2019-12-05 14:11:19,204 INFO o.a.j.t.JMeterThread: Thread started: (100 users / 5 minutes) * 1 1-33
2019-12-05 14:11:19,804 INFO o.a.j.t.JMeterThread: Thread started: (100 users / 5 minutes) * 1 1-32
2019-12-05 14:11:20,404 INFO o.a.j.t.JMeterThread: Thread started: (100 users / 5 minutes) * 1 1-31
2019-12-05 14:11:21,005 INFO o.a.j.t.JMeterThread: Thread started: (100 users / 5 minutes) * 1 1-30
2019-12-05 14:11:21,605 INFO o.a.j.t.JMeterThread: Thread started: (100 users / 5 minutes) * 1 1-29
2019-12-05 14:11:22,205 INFO o.a.j.t.JMeterThread: Thread started: (100 users / 5 minutes) * 1 1-28
2019-12-05 14:11:22,804 INFO o.a.j.t.JMeterThread: Thread started: (100 users / 5 minutes) * 1 1-27
2019-12-05 14:11:23,404 INFO o.a.j.t.JMeterThread: Thread started: (100 users / 5 minutes) * 1 1-26
2019-12-05 14:11:24,005 INFO o.a.j.t.JMeterThread: Thread started: (100 users / 5 minutes) * 1 1-25
2019-12-05 14:11:24,605 INFO o.a.j.t.JMeterThread: Thread started: (100 users / 5 minutes) * 1 1-24
2019-12-05 14:11:25,205 INFO o.a.j.t.JMeterThread: Thread started: (100 users / 5 minutes) * 1 1-23
2019-12-05 14:11:25,805 INFO o.a.j.t.JMeterThread: Thread started: (100 users / 5 minutes) * 1 1-22
2019-12-05 14:11:26,404 INFO o.a.j.t.JMeterThread: Thread started: (100 users / 5 minutes) * 1 1-21
2019-12-05 14:11:27,005 INFO o.a.j.t.JMeterThread: Thread started: (100 users / 5 minutes) * 1 1-20
2019-12-05 14:11:27,605 INFO o.a.j.t.JMeterThread: Thread started: (100 users / 5 minutes) * 1 1-19
2019-12-05 14:11:28,205 INFO o.a.j.t.JMeterThread: Thread started: (100 users / 5 minutes) * 1 1-18
2019-12-05 14:11:28,804 INFO o.a.j.t.JMeterThread: Thread started: (100 users / 5 minutes) * 1 1-17
2019-12-05 14:11:29,404 INFO o.a.j.t.JMeterThread: Thread started: (100 users / 5 minutes) * 1 1-16
2019-12-05 14:11:30,001 INFO o.a.j.r.Summariser: summary +   1990 in 00:00:30 =   66.4/s Avg:   814 Min:    18 Max:  1712 Err:     1 (0.05%) Active: 85 Started: 85 Finished: 0
2019-12-05 14:11:30,001 INFO o.a.j.r.Summariser: summary =   2582 in 00:00:52 =   50.0/s Avg:   746 Min:    18 Max:  2490 Err:     3 (0.12%)
2019-12-05 14:11:30,005 INFO o.a.j.t.JMeterThread: Thread started: (100 users / 5 minutes) * 1 1-15
2019-12-05 14:11:30,605 INFO o.a.j.t.JMeterThread: Thread started: (100 users / 5 minutes) * 1 1-14
2019-12-05 14:11:31,205 INFO o.a.j.t.JMeterThread: Thread started: (100 users / 5 minutes) * 1 1-13
2019-12-05 14:11:31,804 INFO o.a.j.t.JMeterThread: Thread started: (100 users / 5 minutes) * 1 1-12
2019-12-05 14:11:32,404 INFO o.a.j.t.JMeterThread: Thread started: (100 users / 5 minutes) * 1 1-11
2019-12-05 14:11:33,005 INFO o.a.j.t.JMeterThread: Thread started: (100 users / 5 minutes) * 1 1-10
2019-12-05 14:11:33,605 INFO o.a.j.t.JMeterThread: Thread started: (100 users / 5 minutes) * 1 1-9
2019-12-05 14:11:34,204 INFO o.a.j.t.JMeterThread: Thread started: (100 users / 5 minutes) * 1 1-8
2019-12-05 14:11:34,804 INFO o.a.j.t.JMeterThread: Thread started: (100 users / 5 minutes) * 1 1-7
2019-12-05 14:11:35,404 INFO o.a.j.t.JMeterThread: Thread started: (100 users / 5 minutes) * 1 1-6
2019-12-05 14:11:36,005 INFO o.a.j.t.JMeterThread: Thread started: (100 users / 5 minutes) * 1 1-5
2019-12-05 14:11:36,605 INFO o.a.j.t.JMeterThread: Thread started: (100 users / 5 minutes) * 1 1-4
2019-12-05 14:11:37,204 INFO o.a.j.t.JMeterThread: Thread started: (100 users / 5 minutes) * 1 1-3
2019-12-05 14:11:37,804 INFO o.a.j.t.JMeterThread: Thread started: (100 users / 5 minutes) * 1 1-2
2019-12-05 14:11:38,404 INFO o.a.j.t.JMeterThread: Thread started: (100 users / 5 minutes) * 1 1-1
2019-12-05 14:12:00,002 INFO o.a.j.r.Summariser: summary +   2419 in 00:00:30 =   80.6/s Avg:  1128 Min:    21 Max:  2378 Err:     3 (0.12%) Active: 100 Started: 100 Finished: 0
2019-12-05 14:12:00,002 INFO o.a.j.r.Summariser: summary =   5001 in 00:01:22 =   61.3/s Avg:   931 Min:    18 Max:  2490 Err:     6 (0.12%)
2019-12-05 14:12:30,004 INFO o.a.j.r.Summariser: summary +   2440 in 00:00:30 =   81.3/s Avg:  1137 Min:    17 Max:  2668 Err:    18 (0.74%) Active: 100 Started: 100 Finished: 0
2019-12-05 14:12:30,004 INFO o.a.j.r.Summariser: summary =   7441 in 00:01:52 =   66.6/s Avg:   998 Min:    17 Max:  2668 Err:    24 (0.32%)
2019-12-05 14:13:00,007 INFO o.a.j.r.Summariser: summary +   2529 in 00:00:30 =   84.3/s Avg:  1097 Min:    25 Max:  2609 Err:    33 (1.30%) Active: 100 Started: 100 Finished: 0
2019-12-05 14:13:00,007 INFO o.a.j.r.Summariser: summary =   9970 in 00:02:22 =   70.4/s Avg:  1023 Min:    17 Max:  2668 Err:    57 (0.57%)
2019-12-05 14:13:30,008 INFO o.a.j.r.Summariser: summary +   2460 in 00:00:30 =   82.0/s Avg:  1133 Min:    24 Max:  3211 Err:    37 (1.50%) Active: 100 Started: 100 Finished: 0
2019-12-05 14:13:30,008 INFO o.a.j.r.Summariser: summary =  12430 in 00:02:52 =   72.4/s Avg:  1045 Min:    17 Max:  3211 Err:    94 (0.76%)
2019-12-05 14:14:00,002 INFO o.a.j.r.Summariser: summary +   2022 in 00:00:30 =   67.4/s Avg:  1387 Min:    37 Max:  4533 Err:    54 (2.67%) Active: 100 Started: 100 Finished: 0
2019-12-05 14:14:00,002 INFO o.a.j.r.Summariser: summary =  14452 in 00:03:22 =   71.7/s Avg:  1093 Min:    17 Max:  4533 Err:   148 (1.02%)
2019-12-05 14:14:30,005 INFO o.a.j.r.Summariser: summary +   1750 in 00:00:30 =   58.3/s Avg:  1606 Min:    91 Max:  6971 Err:    38 (2.17%) Active: 100 Started: 100 Finished: 0
2019-12-05 14:14:30,006 INFO o.a.j.r.Summariser: summary =  16202 in 00:03:52 =   69.9/s Avg:  1148 Min:    17 Max:  6971 Err:   186 (1.15%)
2019-12-05 14:15:00,254 INFO o.a.j.r.Summariser: summary +   1067 in 00:00:30 =   35.3/s Avg:  2628 Min:    93 Max: 16844 Err:    36 (3.37%) Active: 100 Started: 100 Finished: 0
2019-12-05 14:15:00,254 INFO o.a.j.r.Summariser: summary =  17269 in 00:04:22 =   65.9/s Avg:  1240 Min:    17 Max: 16844 Err:   222 (1.29%)
2019-12-05 14:15:30,097 INFO o.a.j.r.Summariser: summary +    950 in 00:00:30 =   31.8/s Avg:  2990 Min:    89 Max: 22220 Err:    23 (2.42%) Active: 100 Started: 100 Finished: 0
2019-12-05 14:15:30,097 INFO o.a.j.r.Summariser: summary =  18219 in 00:04:52 =   62.4/s Avg:  1331 Min:    17 Max: 22220 Err:   245 (1.34%)
2019-12-05 14:16:00,233 INFO o.a.j.r.Summariser: summary +    836 in 00:00:30 =   27.7/s Avg:  3535 Min:   101 Max: 26763 Err:    29 (3.47%) Active: 100 Started: 100 Finished: 0
2019-12-05 14:16:00,233 INFO o.a.j.r.Summariser: summary =  19055 in 00:05:22 =   59.2/s Avg:  1428 Min:    17 Max: 26763 Err:   274 (1.44%)
2019-12-05 14:16:30,374 INFO o.a.j.r.Summariser: summary +    695 in 00:00:30 =   23.1/s Avg:  4085 Min:    99 Max: 24330 Err:    12 (1.73%) Active: 100 Started: 100 Finished: 0
2019-12-05 14:16:30,374 INFO o.a.j.r.Summariser: summary =  19750 in 00:05:52 =   56.1/s Avg:  1521 Min:    17 Max: 26763 Err:   286 (1.45%)
2019-12-05 14:17:00,499 INFO o.a.j.r.Summariser: summary +    577 in 00:00:30 =   19.2/s Avg:  4943 Min:   102 Max: 29852 Err:    16 (2.77%) Active: 100 Started: 100 Finished: 0
2019-12-05 14:17:00,501 INFO o.a.j.r.Summariser: summary =  20327 in 00:06:22 =   53.2/s Avg:  1618 Min:    17 Max: 29852 Err:   302 (1.49%)
2019-12-05 14:17:30,403 INFO o.a.j.r.Summariser: summary +    623 in 00:00:30 =   20.8/s Avg:  4854 Min:    95 Max: 36856 Err:    27 (4.33%) Active: 100 Started: 100 Finished: 0
2019-12-05 14:17:30,403 INFO o.a.j.r.Summariser: summary =  20950 in 00:06:52 =   50.8/s Avg:  1715 Min:    17 Max: 36856 Err:   329 (1.57%)
2019-12-05 14:18:00,068 INFO o.a.j.r.Summariser: summary +    546 in 00:00:30 =   18.4/s Avg:  4980 Min:   106 Max: 43771 Err:     5 (0.92%) Active: 100 Started: 100 Finished: 0
2019-12-05 14:18:00,069 INFO o.a.j.r.Summariser: summary =  21496 in 00:07:22 =   48.7/s Avg:  1797 Min:    17 Max: 43771 Err:   334 (1.55%)
2019-12-05 14:18:30,251 INFO o.a.j.r.Summariser: summary +    458 in 00:00:30 =   15.2/s Avg:  5889 Min:    97 Max: 51545 Err:     8 (1.75%) Active: 100 Started: 100 Finished: 0
2019-12-05 14:18:30,251 INFO o.a.j.r.Summariser: summary =  21954 in 00:07:52 =   46.5/s Avg:  1883 Min:    17 Max: 51545 Err:   342 (1.56%)
2019-12-05 14:19:00,054 INFO o.a.j.r.Summariser: summary +    379 in 00:00:30 =   12.7/s Avg:  7674 Min:   114 Max: 75926 Err:    19 (5.01%) Active: 100 Started: 100 Finished: 0
2019-12-05 14:19:00,054 INFO o.a.j.r.Summariser: summary =  22333 in 00:08:22 =   44.5/s Avg:  1981 Min:    17 Max: 75926 Err:   361 (1.62%)
2019-12-05 14:19:30,062 INFO o.a.j.r.Summariser: summary +    503 in 00:00:30 =   16.8/s Avg:  5539 Min:   129 Max: 60819 Err:    13 (2.58%) Active: 100 Started: 100 Finished: 0
2019-12-05 14:19:30,063 INFO o.a.j.r.Summariser: summary =  22836 in 00:08:52 =   43.0/s Avg:  2059 Min:    17 Max: 75926 Err:   374 (1.64%)
2019-12-05 14:20:00,132 INFO o.a.j.r.Summariser: summary +    432 in 00:00:30 =   14.4/s Avg:  7479 Min:   139 Max: 106792 Err:    10 (2.31%) Active: 100 Started: 100 Finished: 0
2019-12-05 14:20:00,132 INFO o.a.j.r.Summariser: summary =  23268 in 00:09:22 =   41.4/s Avg:  2160 Min:    17 Max: 106792 Err:   384 (1.65%)
2019-12-05 14:20:30,273 INFO o.a.j.r.Summariser: summary +    372 in 00:00:30 =   12.3/s Avg:  6536 Min:   113 Max: 62725 Err:     7 (1.88%) Active: 100 Started: 100 Finished: 0
2019-12-05 14:20:30,273 INFO o.a.j.r.Summariser: summary =  23640 in 00:09:52 =   39.9/s Avg:  2229 Min:    17 Max: 106792 Err:   391 (1.65%)
2019-12-05 14:21:00,376 INFO o.a.j.r.Summariser: summary +    302 in 00:00:30 =   10.0/s Avg:  9552 Min:   134 Max: 93519 Err:    16 (5.30%) Active: 100 Started: 100 Finished: 0
2019-12-05 14:21:00,392 INFO o.a.j.r.Summariser: summary =  23942 in 00:10:22 =   38.5/s Avg:  2321 Min:    17 Max: 106792 Err:   407 (1.70%)
2019-12-05 14:21:30,035 INFO o.a.j.r.Summariser: summary +    381 in 00:00:30 =   12.8/s Avg:  8373 Min:   110 Max: 88303 Err:    14 (3.67%) Active: 100 Started: 100 Finished: 0
2019-12-05 14:21:30,035 INFO o.a.j.r.Summariser: summary =  24323 in 00:10:52 =   37.3/s Avg:  2416 Min:    17 Max: 106792 Err:   421 (1.73%)
2019-12-05 14:21:39,037 INFO o.a.j.t.JMeterThread: Stopping because end time detected by thread: (100 users / 5 minutes) * 1 1-100
2019-12-05 14:21:39,037 INFO o.a.j.t.JMeterThread: Thread finished: (100 users / 5 minutes) * 1 1-100
2019-12-05 14:21:41,426 INFO o.a.j.t.JMeterThread: Stopping because end time detected by thread: (100 users / 5 minutes) * 1 1-97
2019-12-05 14:21:41,426 INFO o.a.j.t.JMeterThread: Thread finished: (100 users / 5 minutes) * 1 1-97
2019-12-05 14:21:41,694 INFO o.a.j.t.JMeterThread: Stopping because end time detected by thread: (100 users / 5 minutes) * 1 1-98
2019-12-05 14:21:41,694 INFO o.a.j.t.JMeterThread: Thread finished: (100 users / 5 minutes) * 1 1-98
2019-12-05 14:21:42,927 INFO o.a.j.t.JMeterThread: Stopping because end time detected by thread: (100 users / 5 minutes) * 1 1-94
2019-12-05 14:21:42,927 INFO o.a.j.t.JMeterThread: Thread finished: (100 users / 5 minutes) * 1 1-94
2019-12-05 14:21:44,874 INFO o.a.j.t.JMeterThread: Stopping because end time detected by thread: (100 users / 5 minutes) * 1 1-95
2019-12-05 14:21:44,874 INFO o.a.j.t.JMeterThread: Thread finished: (100 users / 5 minutes) * 1 1-95
2019-12-05 14:21:46,721 INFO o.a.j.t.JMeterThread: Stopping because end time detected by thread: (100 users / 5 minutes) * 1 1-90
2019-12-05 14:21:46,721 INFO o.a.j.t.JMeterThread: Thread finished: (100 users / 5 minutes) * 1 1-90
2019-12-05 14:21:46,744 INFO o.a.j.t.JMeterThread: Stopping because end time detected by thread: (100 users / 5 minutes) * 1 1-89
2019-12-05 14:21:46,744 INFO o.a.j.t.JMeterThread: Thread finished: (100 users / 5 minutes) * 1 1-89
2019-12-05 14:21:47,570 INFO o.a.j.t.JMeterThread: Stopping because end time detected by thread: (100 users / 5 minutes) * 1 1-86
2019-12-05 14:21:47,570 INFO o.a.j.t.JMeterThread: Thread finished: (100 users / 5 minutes) * 1 1-86
2019-12-05 14:21:47,662 INFO o.a.j.t.JMeterThread: Stopping because end time detected by thread: (100 users / 5 minutes) * 1 1-91
2019-12-05 14:21:47,662 INFO o.a.j.t.JMeterThread: Thread finished: (100 users / 5 minutes) * 1 1-91
2019-12-05 14:21:48,162 INFO o.a.j.t.JMeterThread: Stopping because end time detected by thread: (100 users / 5 minutes) * 1 1-85
2019-12-05 14:21:48,162 INFO o.a.j.t.JMeterThread: Thread finished: (100 users / 5 minutes) * 1 1-85
2019-12-05 14:21:49,058 INFO o.a.j.t.JMeterThread: Stopping because end time detected by thread: (100 users / 5 minutes) * 1 1-87
2019-12-05 14:21:49,059 INFO o.a.j.t.JMeterThread: Thread finished: (100 users / 5 minutes) * 1 1-87
2019-12-05 14:21:49,132 INFO o.a.j.t.JMeterThread: Stopping because end time detected by thread: (100 users / 5 minutes) * 1 1-84
2019-12-05 14:21:49,132 INFO o.a.j.t.JMeterThread: Thread finished: (100 users / 5 minutes) * 1 1-84
2019-12-05 14:21:49,244 INFO o.a.j.t.JMeterThread: Stopping because end time detected by thread: (100 users / 5 minutes) * 1 1-99
2019-12-05 14:21:49,244 INFO o.a.j.t.JMeterThread: Thread finished: (100 users / 5 minutes) * 1 1-99
2019-12-05 14:21:49,802 INFO o.a.j.t.JMeterThread: Stopping because end time detected by thread: (100 users / 5 minutes) * 1 1-96
2019-12-05 14:21:49,802 INFO o.a.j.t.JMeterThread: Thread finished: (100 users / 5 minutes) * 1 1-96
2019-12-05 14:21:49,839 INFO o.a.j.t.JMeterThread: Stopping because end time detected by thread: (100 users / 5 minutes) * 1 1-88
2019-12-05 14:21:49,840 INFO o.a.j.t.JMeterThread: Thread finished: (100 users / 5 minutes) * 1 1-88
2019-12-05 14:21:50,066 INFO o.a.j.t.JMeterThread: Stopping because end time detected by thread: (100 users / 5 minutes) * 1 1-83
2019-12-05 14:21:50,066 INFO o.a.j.t.JMeterThread: Thread finished: (100 users / 5 minutes) * 1 1-83
2019-12-05 14:21:52,010 INFO o.a.j.t.JMeterThread: Stopping because end time detected by thread: (100 users / 5 minutes) * 1 1-79
2019-12-05 14:21:52,010 INFO o.a.j.t.JMeterThread: Thread finished: (100 users / 5 minutes) * 1 1-79
2019-12-05 14:21:52,315 INFO o.a.j.t.JMeterThread: Stopping because end time detected by thread: (100 users / 5 minutes) * 1 1-93
2019-12-05 14:21:52,315 INFO o.a.j.t.JMeterThread: Thread finished: (100 users / 5 minutes) * 1 1-93
2019-12-05 14:21:52,411 INFO o.a.j.t.JMeterThread: Stopping because end time detected by thread: (100 users / 5 minutes) * 1 1-78
2019-12-05 14:21:52,411 INFO o.a.j.t.JMeterThread: Thread finished: (100 users / 5 minutes) * 1 1-78
2019-12-05 14:21:52,515 INFO o.a.j.t.JMeterThread: Stopping because end time detected by thread: (100 users / 5 minutes) * 1 1-92
2019-12-05 14:21:52,515 INFO o.a.j.t.JMeterThread: Thread finished: (100 users / 5 minutes) * 1 1-92
2019-12-05 14:21:52,624 INFO o.a.j.t.JMeterThread: Stopping because end time detected by thread: (100 users / 5 minutes) * 1 1-82
2019-12-05 14:21:52,624 INFO o.a.j.t.JMeterThread: Thread finished: (100 users / 5 minutes) * 1 1-82
2019-12-05 14:21:54,365 INFO o.a.j.t.JMeterThread: Stopping because end time detected by thread: (100 users / 5 minutes) * 1 1-80
2019-12-05 14:21:54,365 INFO o.a.j.t.JMeterThread: Thread finished: (100 users / 5 minutes) * 1 1-80
2019-12-05 14:21:54,423 INFO o.a.j.t.JMeterThread: Stopping because end time detected by thread: (100 users / 5 minutes) * 1 1-81
2019-12-05 14:21:54,423 INFO o.a.j.t.JMeterThread: Thread finished: (100 users / 5 minutes) * 1 1-81
2019-12-05 14:21:55,761 INFO o.a.j.t.JMeterThread: Stopping because end time detected by thread: (100 users / 5 minutes) * 1 1-76
2019-12-05 14:21:55,762 INFO o.a.j.t.JMeterThread: Thread finished: (100 users / 5 minutes) * 1 1-76
2019-12-05 14:21:55,871 INFO o.a.j.t.JMeterThread: Stopping because end time detected by thread: (100 users / 5 minutes) * 1 1-74
2019-12-05 14:21:55,871 INFO o.a.j.t.JMeterThread: Thread finished: (100 users / 5 minutes) * 1 1-74
2019-12-05 14:21:56,519 INFO o.a.j.t.JMeterThread: Stopping because end time detected by thread: (100 users / 5 minutes) * 1 1-71
2019-12-05 14:21:56,519 INFO o.a.j.t.JMeterThread: Thread finished: (100 users / 5 minutes) * 1 1-71
2019-12-05 14:21:56,657 INFO o.a.j.t.JMeterThread: Stopping because end time detected by thread: (100 users / 5 minutes) * 1 1-75
2019-12-05 14:21:56,657 INFO o.a.j.t.JMeterThread: Thread finished: (100 users / 5 minutes) * 1 1-75
2019-12-05 14:21:57,149 INFO o.a.j.t.JMeterThread: Stopping because end time detected by thread: (100 users / 5 minutes) * 1 1-73
2019-12-05 14:21:57,149 INFO o.a.j.t.JMeterThread: Thread finished: (100 users / 5 minutes) * 1 1-73
2019-12-05 14:21:57,208 INFO o.a.j.t.JMeterThread: Stopping because end time detected by thread: (100 users / 5 minutes) * 1 1-70
2019-12-05 14:21:57,208 INFO o.a.j.t.JMeterThread: Thread finished: (100 users / 5 minutes) * 1 1-70
2019-12-05 14:21:57,227 INFO o.a.j.t.JMeterThread: Stopping because end time detected by thread: (100 users / 5 minutes) * 1 1-77
2019-12-05 14:21:57,227 INFO o.a.j.t.JMeterThread: Thread finished: (100 users / 5 minutes) * 1 1-77
2019-12-05 14:21:57,531 INFO o.a.j.t.JMeterThread: Stopping because end time detected by thread: (100 users / 5 minutes) * 1 1-72
2019-12-05 14:21:57,531 INFO o.a.j.t.JMeterThread: Thread finished: (100 users / 5 minutes) * 1 1-72
2019-12-05 14:21:57,592 INFO o.a.j.t.JMeterThread: Thread finished: (100 users / 5 minutes) * 1 1-69
2019-12-05 14:21:58,445 INFO o.a.j.t.JMeterThread: Stopping because end time detected by thread: (100 users / 5 minutes) * 1 1-68
2019-12-05 14:21:58,445 INFO o.a.j.t.JMeterThread: Thread finished: (100 users / 5 minutes) * 1 1-68
2019-12-05 14:21:58,921 INFO o.a.j.t.JMeterThread: Stopping because end time detected by thread: (100 users / 5 minutes) * 1 1-67
2019-12-05 14:21:58,921 INFO o.a.j.t.JMeterThread: Thread finished: (100 users / 5 minutes) * 1 1-67
2019-12-05 14:21:59,827 INFO o.a.j.t.JMeterThread: Stopping because end time detected by thread: (100 users / 5 minutes) * 1 1-66
2019-12-05 14:21:59,827 INFO o.a.j.t.JMeterThread: Thread finished: (100 users / 5 minutes) * 1 1-66
2019-12-05 14:22:00,008 INFO o.a.j.r.Summariser: summary +    828 in 00:00:30 =   27.6/s Avg:  4714 Min:     7 Max: 83000 Err:   300 (36.23%) Active: 65 Started: 100 Finished: 35
2019-12-05 14:22:00,009 INFO o.a.j.r.Summariser: summary =  25151 in 00:11:22 =   36.9/s Avg:  2492 Min:     7 Max: 106792 Err:   721 (2.87%)
2019-12-05 14:22:00,439 INFO o.a.j.t.JMeterThread: Stopping because end time detected by thread: (100 users / 5 minutes) * 1 1-65
2019-12-05 14:22:00,439 INFO o.a.j.t.JMeterThread: Thread finished: (100 users / 5 minutes) * 1 1-65
2019-12-05 14:22:00,676 INFO o.a.j.t.JMeterThread: Stopping because end time detected by thread: (100 users / 5 minutes) * 1 1-64
2019-12-05 14:22:00,676 INFO o.a.j.t.JMeterThread: Thread finished: (100 users / 5 minutes) * 1 1-64
2019-12-05 14:22:01,661 INFO o.a.j.t.JMeterThread: Stopping because end time detected by thread: (100 users / 5 minutes) * 1 1-63
2019-12-05 14:22:01,661 INFO o.a.j.t.JMeterThread: Thread finished: (100 users / 5 minutes) * 1 1-63
2019-12-05 14:22:02,469 INFO o.a.j.t.JMeterThread: Stopping because end time detected by thread: (100 users / 5 minutes) * 1 1-61
2019-12-05 14:22:02,469 INFO o.a.j.t.JMeterThread: Thread finished: (100 users / 5 minutes) * 1 1-61
2019-12-05 14:22:02,534 INFO o.a.j.t.JMeterThread: Stopping because end time detected by thread: (100 users / 5 minutes) * 1 1-62
2019-12-05 14:22:02,534 INFO o.a.j.t.JMeterThread: Thread finished: (100 users / 5 minutes) * 1 1-62
2019-12-05 14:22:03,117 INFO o.a.j.t.JMeterThread: Stopping because end time detected by thread: (100 users / 5 minutes) * 1 1-60
2019-12-05 14:22:03,117 INFO o.a.j.t.JMeterThread: Thread finished: (100 users / 5 minutes) * 1 1-60
2019-12-05 14:22:03,968 INFO o.a.j.t.JMeterThread: Stopping because end time detected by thread: (100 users / 5 minutes) * 1 1-59
2019-12-05 14:22:03,968 INFO o.a.j.t.JMeterThread: Thread finished: (100 users / 5 minutes) * 1 1-59
2019-12-05 14:22:04,591 INFO o.a.j.t.JMeterThread: Stopping because end time detected by thread: (100 users / 5 minutes) * 1 1-58
2019-12-05 14:22:04,592 INFO o.a.j.t.JMeterThread: Thread finished: (100 users / 5 minutes) * 1 1-58
2019-12-05 14:22:04,967 INFO o.a.j.t.JMeterThread: Stopping because end time detected by thread: (100 users / 5 minutes) * 1 1-57
2019-12-05 14:22:04,967 INFO o.a.j.t.JMeterThread: Thread finished: (100 users / 5 minutes) * 1 1-57
2019-12-05 14:22:06,014 INFO o.a.j.t.JMeterThread: Stopping because end time detected by thread: (100 users / 5 minutes) * 1 1-56
2019-12-05 14:22:06,014 INFO o.a.j.t.JMeterThread: Thread finished: (100 users / 5 minutes) * 1 1-56
2019-12-05 14:22:06,581 INFO o.a.j.t.JMeterThread: Stopping because end time detected by thread: (100 users / 5 minutes) * 1 1-55
2019-12-05 14:22:06,581 INFO o.a.j.t.JMeterThread: Thread finished: (100 users / 5 minutes) * 1 1-55
2019-12-05 14:22:06,805 INFO o.a.j.t.JMeterThread: Stopping because end time detected by thread: (100 users / 5 minutes) * 1 1-54
2019-12-05 14:22:06,805 INFO o.a.j.t.JMeterThread: Thread finished: (100 users / 5 minutes) * 1 1-54
2019-12-05 14:22:07,707 INFO o.a.j.t.JMeterThread: Stopping because end time detected by thread: (100 users / 5 minutes) * 1 1-53
2019-12-05 14:22:07,707 INFO o.a.j.t.JMeterThread: Thread finished: (100 users / 5 minutes) * 1 1-53
2019-12-05 14:22:08,026 INFO o.a.j.t.JMeterThread: Stopping because end time detected by thread: (100 users / 5 minutes) * 1 1-52
2019-12-05 14:22:08,027 INFO o.a.j.t.JMeterThread: Thread finished: (100 users / 5 minutes) * 1 1-52
2019-12-05 14:22:09,051 INFO o.a.j.t.JMeterThread: Stopping because end time detected by thread: (100 users / 5 minutes) * 1 1-51
2019-12-05 14:22:09,051 INFO o.a.j.t.JMeterThread: Thread finished: (100 users / 5 minutes) * 1 1-51
2019-12-05 14:22:09,342 INFO o.a.j.t.JMeterThread: Stopping because end time detected by thread: (100 users / 5 minutes) * 1 1-50
2019-12-05 14:22:09,343 INFO o.a.j.t.JMeterThread: Thread finished: (100 users / 5 minutes) * 1 1-50
2019-12-05 14:22:09,949 INFO o.a.j.t.JMeterThread: Stopping because end time detected by thread: (100 users / 5 minutes) * 1 1-49
2019-12-05 14:22:09,949 INFO o.a.j.t.JMeterThread: Thread finished: (100 users / 5 minutes) * 1 1-49
2019-12-05 14:22:10,287 INFO o.a.j.t.JMeterThread: Stopping because end time detected by thread: (100 users / 5 minutes) * 1 1-48
2019-12-05 14:22:10,287 INFO o.a.j.t.JMeterThread: Thread finished: (100 users / 5 minutes) * 1 1-48
2019-12-05 14:22:11,157 INFO o.a.j.t.JMeterThread: Stopping because end time detected by thread: (100 users / 5 minutes) * 1 1-47
2019-12-05 14:22:11,158 INFO o.a.j.t.JMeterThread: Thread finished: (100 users / 5 minutes) * 1 1-47
2019-12-05 14:22:11,392 INFO o.a.j.t.JMeterThread: Thread finished: (100 users / 5 minutes) * 1 1-46
2019-12-05 14:22:12,314 INFO o.a.j.t.JMeterThread: Stopping because end time detected by thread: (100 users / 5 minutes) * 1 1-45
2019-12-05 14:22:12,314 INFO o.a.j.t.JMeterThread: Thread finished: (100 users / 5 minutes) * 1 1-45
2019-12-05 14:22:12,651 INFO o.a.j.t.JMeterThread: Stopping because end time detected by thread: (100 users / 5 minutes) * 1 1-44
2019-12-05 14:22:12,651 INFO o.a.j.t.JMeterThread: Thread finished: (100 users / 5 minutes) * 1 1-44
2019-12-05 14:22:13,305 INFO o.a.j.t.JMeterThread: Stopping because end time detected by thread: (100 users / 5 minutes) * 1 1-43
2019-12-05 14:22:13,305 INFO o.a.j.t.JMeterThread: Thread finished: (100 users / 5 minutes) * 1 1-43
2019-12-05 14:22:13,809 INFO o.a.j.t.JMeterThread: Stopping because end time detected by thread: (100 users / 5 minutes) * 1 1-42
2019-12-05 14:22:13,809 INFO o.a.j.t.JMeterThread: Thread finished: (100 users / 5 minutes) * 1 1-42
2019-12-05 14:22:14,884 INFO o.a.j.t.JMeterThread: Stopping because end time detected by thread: (100 users / 5 minutes) * 1 1-41
2019-12-05 14:22:14,884 INFO o.a.j.t.JMeterThread: Thread finished: (100 users / 5 minutes) * 1 1-41
2019-12-05 14:22:14,918 INFO o.a.j.t.JMeterThread: Thread finished: (100 users / 5 minutes) * 1 1-40
2019-12-05 14:22:15,891 INFO o.a.j.t.JMeterThread: Stopping because end time detected by thread: (100 users / 5 minutes) * 1 1-39
2019-12-05 14:22:15,891 INFO o.a.j.t.JMeterThread: Thread finished: (100 users / 5 minutes) * 1 1-39
2019-12-05 14:22:16,303 INFO o.a.j.t.JMeterThread: Stopping because end time detected by thread: (100 users / 5 minutes) * 1 1-38
2019-12-05 14:22:16,303 INFO o.a.j.t.JMeterThread: Thread finished: (100 users / 5 minutes) * 1 1-38
2019-12-05 14:22:17,093 INFO o.a.j.t.JMeterThread: Stopping because end time detected by thread: (100 users / 5 minutes) * 1 1-37
2019-12-05 14:22:17,093 INFO o.a.j.t.JMeterThread: Thread finished: (100 users / 5 minutes) * 1 1-37
2019-12-05 14:22:17,735 INFO o.a.j.t.JMeterThread: Stopping because end time detected by thread: (100 users / 5 minutes) * 1 1-36
2019-12-05 14:22:17,735 INFO o.a.j.t.JMeterThread: Thread finished: (100 users / 5 minutes) * 1 1-36
2019-12-05 14:22:17,919 INFO o.a.j.t.JMeterThread: Thread finished: (100 users / 5 minutes) * 1 1-35
2019-12-05 14:22:18,841 INFO o.a.j.t.JMeterThread: Stopping because end time detected by thread: (100 users / 5 minutes) * 1 1-34
2019-12-05 14:22:18,842 INFO o.a.j.t.JMeterThread: Thread finished: (100 users / 5 minutes) * 1 1-34
2019-12-05 14:22:19,198 INFO o.a.j.t.JMeterThread: Thread finished: (100 users / 5 minutes) * 1 1-33
2019-12-05 14:22:20,204 INFO o.a.j.t.JMeterThread: Stopping because end time detected by thread: (100 users / 5 minutes) * 1 1-32
2019-12-05 14:22:20,204 INFO o.a.j.t.JMeterThread: Thread finished: (100 users / 5 minutes) * 1 1-32
2019-12-05 14:22:20,842 INFO o.a.j.t.JMeterThread: Stopping because end time detected by thread: (100 users / 5 minutes) * 1 1-31
2019-12-05 14:22:20,842 INFO o.a.j.t.JMeterThread: Thread finished: (100 users / 5 minutes) * 1 1-31
2019-12-05 14:22:21,199 INFO o.a.j.t.JMeterThread: Stopping because end time detected by thread: (100 users / 5 minutes) * 1 1-30
2019-12-05 14:22:21,199 INFO o.a.j.t.JMeterThread: Thread finished: (100 users / 5 minutes) * 1 1-30
2019-12-05 14:22:21,568 INFO o.a.j.t.JMeterThread: Thread finished: (100 users / 5 minutes) * 1 1-29
2019-12-05 14:22:22,497 INFO o.a.j.t.JMeterThread: Stopping because end time detected by thread: (100 users / 5 minutes) * 1 1-28
2019-12-05 14:22:22,497 INFO o.a.j.t.JMeterThread: Thread finished: (100 users / 5 minutes) * 1 1-28
2019-12-05 14:22:22,731 INFO o.a.j.t.JMeterThread: Thread finished: (100 users / 5 minutes) * 1 1-27
2019-12-05 14:22:23,723 INFO o.a.j.t.JMeterThread: Stopping because end time detected by thread: (100 users / 5 minutes) * 1 1-26
2019-12-05 14:22:23,723 INFO o.a.j.t.JMeterThread: Thread finished: (100 users / 5 minutes) * 1 1-26
2019-12-05 14:22:24,166 INFO o.a.j.t.JMeterThread: Stopping because end time detected by thread: (100 users / 5 minutes) * 1 1-25
2019-12-05 14:22:24,166 INFO o.a.j.t.JMeterThread: Thread finished: (100 users / 5 minutes) * 1 1-25
2019-12-05 14:22:24,903 INFO o.a.j.t.JMeterThread: Stopping because end time detected by thread: (100 users / 5 minutes) * 1 1-24
2019-12-05 14:22:24,903 INFO o.a.j.t.JMeterThread: Thread finished: (100 users / 5 minutes) * 1 1-24
2019-12-05 14:22:25,206 INFO o.a.j.t.JMeterThread: Stopping because end time detected by thread: (100 users / 5 minutes) * 1 1-23
2019-12-05 14:22:25,206 INFO o.a.j.t.JMeterThread: Thread finished: (100 users / 5 minutes) * 1 1-23
2019-12-05 14:22:25,679 INFO o.a.j.t.JMeterThread: Thread finished: (100 users / 5 minutes) * 1 1-22
2019-12-05 14:22:26,923 INFO o.a.j.t.JMeterThread: Stopping because end time detected by thread: (100 users / 5 minutes) * 1 1-21
2019-12-05 14:22:26,923 INFO o.a.j.t.JMeterThread: Thread finished: (100 users / 5 minutes) * 1 1-21
2019-12-05 14:22:27,342 INFO o.a.j.t.JMeterThread: Stopping because end time detected by thread: (100 users / 5 minutes) * 1 1-20
2019-12-05 14:22:27,342 INFO o.a.j.t.JMeterThread: Thread finished: (100 users / 5 minutes) * 1 1-20
2019-12-05 14:22:27,548 INFO o.a.j.t.JMeterThread: Thread finished: (100 users / 5 minutes) * 1 1-19
2019-12-05 14:22:28,159 INFO o.a.j.t.JMeterThread: Thread finished: (100 users / 5 minutes) * 1 1-18
2019-12-05 14:22:29,046 INFO o.a.j.t.JMeterThread: Stopping because end time detected by thread: (100 users / 5 minutes) * 1 1-17
2019-12-05 14:22:29,046 INFO o.a.j.t.JMeterThread: Thread finished: (100 users / 5 minutes) * 1 1-17
2019-12-05 14:22:29,378 INFO o.a.j.t.JMeterThread: Thread finished: (100 users / 5 minutes) * 1 1-16
2019-12-05 14:22:30,021 INFO o.a.j.r.Summariser: summary +   1924 in 00:00:30 =   64.1/s Avg:   530 Min:     4 Max:  1256 Err:   145 (7.54%) Active: 15 Started: 100 Finished: 85
2019-12-05 14:22:30,022 INFO o.a.j.r.Summariser: summary =  27075 in 00:11:52 =   38.0/s Avg:  2352 Min:     4 Max: 106792 Err:   866 (3.20%)
2019-12-05 14:22:30,022 INFO o.a.j.t.JMeterThread: Stopping because end time detected by thread: (100 users / 5 minutes) * 1 1-15
2019-12-05 14:22:30,022 INFO o.a.j.t.JMeterThread: Thread finished: (100 users / 5 minutes) * 1 1-15
2019-12-05 14:22:30,740 INFO o.a.j.t.JMeterThread: Stopping because end time detected by thread: (100 users / 5 minutes) * 1 1-14
2019-12-05 14:22:30,740 INFO o.a.j.t.JMeterThread: Thread finished: (100 users / 5 minutes) * 1 1-14
2019-12-05 14:22:31,417 INFO o.a.j.t.JMeterThread: Stopping because end time detected by thread: (100 users / 5 minutes) * 1 1-13
2019-12-05 14:22:31,417 INFO o.a.j.t.JMeterThread: Thread finished: (100 users / 5 minutes) * 1 1-13
2019-12-05 14:22:31,915 INFO o.a.j.t.JMeterThread: Stopping because end time detected by thread: (100 users / 5 minutes) * 1 1-12
2019-12-05 14:22:31,915 INFO o.a.j.t.JMeterThread: Thread finished: (100 users / 5 minutes) * 1 1-12
2019-12-05 14:22:32,542 INFO o.a.j.t.JMeterThread: Stopping because end time detected by thread: (100 users / 5 minutes) * 1 1-11
2019-12-05 14:22:32,542 INFO o.a.j.t.JMeterThread: Thread finished: (100 users / 5 minutes) * 1 1-11
2019-12-05 14:22:33,221 INFO o.a.j.t.JMeterThread: Stopping because end time detected by thread: (100 users / 5 minutes) * 1 1-10
2019-12-05 14:22:33,221 INFO o.a.j.t.JMeterThread: Thread finished: (100 users / 5 minutes) * 1 1-10
2019-12-05 14:22:33,473 INFO o.a.j.t.JMeterThread: Thread finished: (100 users / 5 minutes) * 1 1-9
2019-12-05 14:22:34,363 INFO o.a.j.t.JMeterThread: Stopping because end time detected by thread: (100 users / 5 minutes) * 1 1-8
2019-12-05 14:22:34,363 INFO o.a.j.t.JMeterThread: Thread finished: (100 users / 5 minutes) * 1 1-8
2019-12-05 14:22:34,790 INFO o.a.j.t.JMeterThread: Thread finished: (100 users / 5 minutes) * 1 1-7
2019-12-05 14:22:35,589 INFO o.a.j.t.JMeterThread: Stopping because end time detected by thread: (100 users / 5 minutes) * 1 1-6
2019-12-05 14:22:35,589 INFO o.a.j.t.JMeterThread: Thread finished: (100 users / 5 minutes) * 1 1-6
2019-12-05 14:22:35,968 INFO o.a.j.t.JMeterThread: Thread finished: (100 users / 5 minutes) * 1 1-5
2019-12-05 14:22:37,263 INFO o.a.j.t.JMeterThread: Stopping because end time detected by thread: (100 users / 5 minutes) * 1 1-3
2019-12-05 14:22:37,263 INFO o.a.j.t.JMeterThread: Thread finished: (100 users / 5 minutes) * 1 1-3
2019-12-05 14:22:38,111 INFO o.a.j.t.JMeterThread: Stopping because end time detected by thread: (100 users / 5 minutes) * 1 1-2
2019-12-05 14:22:38,111 INFO o.a.j.t.JMeterThread: Thread finished: (100 users / 5 minutes) * 1 1-2
2019-12-05 14:22:38,564 INFO o.a.j.t.JMeterThread: Stopping because end time detected by thread: (100 users / 5 minutes) * 1 1-1
2019-12-05 14:22:38,564 INFO o.a.j.t.JMeterThread: Thread finished: (100 users / 5 minutes) * 1 1-1
2019-12-05 15:04:23,992 INFO o.a.j.t.JMeterThread: Stopping because end time detected by thread: (100 users / 5 minutes) * 1 1-4
2019-12-05 15:04:23,992 INFO o.a.j.t.JMeterThread: Thread finished: (100 users / 5 minutes) * 1 1-4
2019-12-05 15:04:23,992 INFO o.a.j.e.StandardJMeterEngine: Notifying test listeners of end of test
2019-12-05 15:04:23,992 INFO o.a.j.r.Summariser: summary +    151 in 00:41:54 =    0.1/s Avg: 17255 Min:     5 Max: 2558715 Err:     8 (5.30%) Active: 0 Started: 100 Finished: 100
2019-12-05 15:04:23,992 INFO o.a.j.r.Summariser: summary =  27226 in 00:53:46 =    8.4/s Avg:  2435 Min:     4 Max: 2558715 Err:   874 (3.21%)
2019-12-05 15:04:23,992 INFO o.a.j.JMeter: Generating Dashboard
2019-12-05 15:04:23,992 INFO o.a.j.r.d.ReportGenerator: Flushing result collector before report Generation
2019-12-05 15:04:24,086 INFO o.a.j.r.p.NormalizerSampleConsumer: Using format, 'ms', to parse timeStamp field
2019-12-05 15:04:40,981 INFO o.a.j.r.p.AbstractSampleConsumer: class org.apache.jmeter.report.processor.AggregateConsumer#stopProducing(): beginDate produced 0 samples
2019-12-05 15:04:40,981 INFO o.a.j.r.p.AbstractSampleConsumer: class org.apache.jmeter.report.processor.AggregateConsumer#stopProducing(): endDate produced 0 samples
2019-12-05 15:04:40,996 INFO o.a.j.r.p.AbstractSampleConsumer: class org.apache.jmeter.report.processor.ApdexSummaryConsumer#stopProducing(): apdexSummary produced 0 samples
2019-12-05 15:04:40,996 INFO o.a.j.r.p.AbstractSampleConsumer: class org.apache.jmeter.report.processor.RequestsSummaryConsumer#stopProducing(): requestsSummary produced 0 samples
2019-12-05 15:04:41,101 INFO o.a.j.r.p.AbstractSampleConsumer: class org.apache.jmeter.report.processor.StatisticsSummaryConsumer#stopProducing(): statisticsSummary produced 0 samples
2019-12-05 15:04:41,117 INFO o.a.j.r.p.AbstractSampleConsumer: class org.apache.jmeter.report.processor.Top5ErrorsBySamplerConsumer#stopProducing(): top5ErrorsBySampler produced 0 samples
2019-12-05 15:04:41,117 INFO o.a.j.r.p.AbstractSampleConsumer: class org.apache.jmeter.report.processor.ErrorsSummaryConsumer#stopProducing(): errorsSummary produced 0 samples
2019-12-05 15:04:41,117 INFO o.a.j.r.p.AbstractSampleConsumer: class org.apache.jmeter.report.processor.graph.impl.HitsPerSecondGraphConsumer#stopProducing(): hitsPerSecond produced 0 samples
2019-12-05 15:04:42,929 INFO o.a.j.r.p.AbstractSampleConsumer: class org.apache.jmeter.report.processor.graph.impl.LatencyVSRequestGraphConsumer#stopProducing(): latencyVsRequest produced 0 samples
2019-12-05 15:04:42,945 INFO o.a.j.r.p.AbstractSampleConsumer: class org.apache.jmeter.report.processor.graph.impl.SyntheticResponseTimeDistributionGraphConsumer#stopProducing(): syntheticResponseTimeDistribution produced 0 samples
2019-12-05 15:04:42,945 INFO o.a.j.r.p.AbstractSampleConsumer: class org.apache.jmeter.report.processor.graph.impl.BytesThroughputGraphConsumer#stopProducing(): bytesThroughputOverTime produced 0 samples
2019-12-05 15:04:42,945 INFO o.a.j.r.p.AbstractSampleConsumer: class org.apache.jmeter.report.processor.graph.impl.CodesPerSecondGraphConsumer#stopProducing(): codesPerSecond produced 0 samples
2019-12-05 15:04:44,444 INFO o.a.j.r.p.AbstractSampleConsumer: class org.apache.jmeter.report.processor.graph.impl.ResponseTimeVSRequestGraphConsumer#stopProducing(): responseTimeVsRequest produced 0 samples
2019-12-05 15:04:44,460 INFO o.a.j.r.p.AbstractSampleConsumer: class org.apache.jmeter.report.processor.FilterConsumer#stopProducing(): startIntervalControlerFilter produced 1058862 samples
2019-12-05 15:04:44,460 INFO o.a.j.r.p.AbstractSampleConsumer: class org.apache.jmeter.report.processor.graph.impl.TotalTPSGraphConsumer#stopProducing(): totalTPS produced 0 samples
2019-12-05 15:04:44,460 INFO o.a.j.r.p.AbstractSampleConsumer: class org.apache.jmeter.report.processor.graph.impl.ActiveThreadsGraphConsumer#stopProducing(): activeThreadsOverTime produced 0 samples
2019-12-05 15:04:44,460 INFO o.a.j.r.p.AbstractSampleConsumer: class org.apache.jmeter.report.processor.graph.impl.TimeVSThreadGraphConsumer#stopProducing(): timeVsThreads produced 0 samples
2019-12-05 15:04:44,475 INFO o.a.j.r.p.AbstractSampleConsumer: class org.apache.jmeter.report.processor.graph.impl.ResponseTimeDistributionGraphConsumer#stopProducing(): responseTimeDistribution produced 0 samples
2019-12-05 15:04:44,475 INFO o.a.j.r.p.AbstractSampleConsumer: class org.apache.jmeter.report.processor.graph.impl.TransactionsPerSecondGraphConsumer#stopProducing(): transactionsPerSecond produced 0 samples
2019-12-05 15:04:44,491 INFO o.a.j.r.p.AbstractSampleConsumer: class org.apache.jmeter.report.processor.graph.impl.ResponseTimePercentilesGraphConsumer#stopProducing(): responseTimePercentiles produced 0 samples
2019-12-05 15:04:44,600 INFO o.a.j.r.p.AbstractSampleConsumer: class org.apache.jmeter.report.processor.graph.impl.ResponseTimePercentilesOverTimeGraphConsumer#stopProducing(): responseTimePercentilesOverTime produced 0 samples
2019-12-05 15:04:44,600 INFO o.a.j.r.p.AbstractSampleConsumer: class org.apache.jmeter.report.processor.graph.impl.ResponseTimeOverTimeGraphConsumer#stopProducing(): responseTimesOverTime produced 0 samples
2019-12-05 15:04:44,600 INFO o.a.j.r.p.AbstractSampleConsumer: class org.apache.jmeter.report.processor.graph.impl.ConnectTimeOverTimeGraphConsumer#stopProducing(): connectTimeOverTime produced 0 samples
2019-12-05 15:04:44,616 INFO o.a.j.r.p.AbstractSampleConsumer: class org.apache.jmeter.report.processor.graph.impl.LatencyOverTimeGraphConsumer#stopProducing(): latenciesOverTime produced 0 samples
2019-12-05 15:04:44,616 INFO o.a.j.r.p.AbstractSampleConsumer: class org.apache.jmeter.report.processor.FilterConsumer#stopProducing(): nameFilter produced 2652900 samples
2019-12-05 15:04:44,616 INFO o.a.j.r.p.AbstractSampleConsumer: class org.apache.jmeter.report.processor.FilterConsumer#stopProducing(): dateRangeFilter produced 530580 samples
2019-12-05 15:04:44,616 INFO o.a.j.r.p.AbstractSampleConsumer: class org.apache.jmeter.report.processor.NormalizerSampleConsumer#stopProducing(): normalizer produced 176860 samples
2019-12-05 15:04:44,616 INFO o.a.j.r.p.CsvFileSampleSource: produce(): 176860 samples produced in 20s 452 ms on channel 0
2019-12-05 15:04:44,616 INFO o.a.j.r.d.ReportGenerator: Exporting data using exporter:'json' of className:'org.apache.jmeter.report.dashboard.JsonExporter'
2019-12-05 15:04:44,616 INFO o.a.j.r.d.JsonExporter: Found data for consumer statisticsSummaryin context
2019-12-05 15:04:44,616 INFO o.a.j.r.d.JsonExporter: Creating statistics for overall
2019-12-05 15:04:44,616 INFO o.a.j.r.d.JsonExporter: Creating statistics for other transactions
2019-12-05 15:04:44,616 INFO o.a.j.r.d.JsonExporter: Checking output folder
2019-12-05 15:04:44,632 INFO o.a.j.r.d.JsonExporter: Writing statistics JSON to C:\Users\nicks\OneDrive\Desktop\apache-jmeter-5.2\Results_2\statistics.json
2019-12-05 15:04:45,085 INFO o.a.j.r.d.ReportGenerator: Exporting data using exporter:'html' of className:'org.apache.jmeter.report.dashboard.HtmlTemplateExporter'
2019-12-05 15:04:45,100 INFO o.a.j.r.d.HtmlTemplateExporter: Will generate dashboard in folder: C:\Users\nicks\OneDrive\Desktop\apache-jmeter-5.2\Results_2
2019-12-05 15:04:45,766 INFO o.a.j.r.d.HtmlTemplateExporter: Report will be generated in: C:\Users\nicks\OneDrive\Desktop\apache-jmeter-5.2\Results_2, creating folder structure
2019-12-05 15:04:45,781 INFO o.a.j.r.d.TemplateVisitor: Copying folder from 'C:\Users\nicks\OneDrive\Desktop\apache-jmeter-5.2\bin\report-template' to 'C:\Users\nicks\OneDrive\Desktop\apache-jmeter-5.2\Results_2', got message: C:\Users\nicks\OneDrive\Desktop\apache-jmeter-5.2\Results_2, found non empty folder with following content [C:\Users\nicks\OneDrive\Desktop\apache-jmeter-5.2\Results_2\statistics.json], will be ignored
2019-12-05 15:04:47,047 INFO o.a.j.JMeter: Dashboard generated
